[debug] [2022-07-28T18:53:01.489Z] ----------------------------------------------------------------------
[debug] [2022-07-28T18:53:01.491Z] Command:       /Users/A938294yara.com/.nvm/versions/node/v17.5.0/bin/node /Users/A938294yara.com/.nvm/versions/node/v17.5.0/bin/firebase init
[debug] [2022-07-28T18:53:01.491Z] CLI Version:   11.2.2
[debug] [2022-07-28T18:53:01.491Z] Platform:      darwin
[debug] [2022-07-28T18:53:01.491Z] Node Version:  v16.15.0
[debug] [2022-07-28T18:53:01.493Z] Time:          Thu Jul 28 2022 20:53:01 GMT+0200 (Central European Summer Time)
[debug] [2022-07-28T18:53:01.493Z] ----------------------------------------------------------------------
[debug] 
[debug] [2022-07-28T18:53:01.496Z] >>> [apiv2][query] GET https://firebase-public.firebaseio.com/cli.json [none]
[debug] [2022-07-28T18:53:01.515Z] > command requires scopes: ["email","openid","https://www.googleapis.com/auth/cloudplatformprojects.readonly","https://www.googleapis.com/auth/firebase","https://www.googleapis.com/auth/cloud-platform"]
[debug] [2022-07-28T18:53:01.515Z] > authorizing via signed-in user (flair2k@gmail.com)
[info] 
     ######## #### ########  ######## ########     ###     ######  ########
     ##        ##  ##     ## ##       ##     ##  ##   ##  ##       ##
     ######    ##  ########  ######   ########  #########  ######  ######
     ##        ##  ##    ##  ##       ##     ## ##     ##       ## ##
     ##       #### ##     ## ######## ########  ##     ##  ######  ########

You're about to initialize a Firebase project in this directory:

  /Users/A938294yara.com/Documents/coding/shared-lists

[debug] [2022-07-28T18:53:02.150Z] <<< [apiv2][status] GET https://firebase-public.firebaseio.com/cli.json 200
[debug] [2022-07-28T18:53:02.150Z] <<< [apiv2][body] GET https://firebase-public.firebaseio.com/cli.json {"cloudBuildErrorAfter":1594252800000,"cloudBuildWarnAfter":1590019200000,"defaultNode10After":1594252800000,"minVersion":"3.0.5","node8DeploysDisabledAfter":1613390400000,"node8RuntimeDisabledAfter":1615809600000,"node8WarnAfter":1600128000000}
[info] 
=== Project Setup
[info] 
[info] First, let's associate this project directory with a Firebase project.
[info] You can create multiple project aliases by running firebase use --add, 
[info] but for now we'll just set up a default project.
[info] 
[debug] [2022-07-28T18:54:50.414Z] > refreshing access token with scopes: []
[debug] [2022-07-28T18:54:50.415Z] >>> [apiv2][query] POST https://www.googleapis.com/oauth2/v3/token [none]
[debug] [2022-07-28T18:54:50.415Z] >>> [apiv2][body] POST https://www.googleapis.com/oauth2/v3/token [omitted]
[debug] [2022-07-28T18:54:50.650Z] <<< [apiv2][status] POST https://www.googleapis.com/oauth2/v3/token 200
[debug] [2022-07-28T18:54:50.650Z] <<< [apiv2][body] POST https://www.googleapis.com/oauth2/v3/token [omitted]
[debug] [2022-07-28T18:54:50.706Z] >>> [apiv2][query] GET https://firebase.googleapis.com/v1beta1/projects pageSize=100
[debug] [2022-07-28T18:54:51.424Z] <<< [apiv2][status] GET https://firebase.googleapis.com/v1beta1/projects 200
[debug] [2022-07-28T18:54:51.424Z] <<< [apiv2][body] GET https://firebase.googleapis.com/v1beta1/projects [omitted]
[info] i  Using project shared-lists-8fc29 (shared-lists) 
[info] 
=== Firestore Setup
[debug] [2022-07-28T18:54:53.916Z] >>> [apiv2][query] GET https://serviceusage.googleapis.com/v1/projects/shared-lists-8fc29/services/firestore.googleapis.com [none]
[debug] [2022-07-28T18:54:54.897Z] <<< [apiv2][status] GET https://serviceusage.googleapis.com/v1/projects/shared-lists-8fc29/services/firestore.googleapis.com 200
[debug] [2022-07-28T18:54:54.897Z] <<< [apiv2][body] GET https://serviceusage.googleapis.com/v1/projects/shared-lists-8fc29/services/firestore.googleapis.com [omitted]
[debug] [2022-07-28T18:54:54.898Z] >>> [apiv2][query] GET https://appengine.googleapis.com/v1/apps/shared-lists-8fc29 [none]
[debug] [2022-07-28T18:54:55.278Z] <<< [apiv2][status] GET https://appengine.googleapis.com/v1/apps/shared-lists-8fc29 200
[debug] [2022-07-28T18:54:55.278Z] <<< [apiv2][body] GET https://appengine.googleapis.com/v1/apps/shared-lists-8fc29 {"name":"apps/shared-lists-8fc29","id":"shared-lists-8fc29","authDomain":"gmail.com","locationId":"europe-west3","codeBucket":"staging.shared-lists-8fc29.appspot.com","servingStatus":"SERVING","defaultHostname":"shared-lists-8fc29.ey.r.appspot.com","defaultBucket":"shared-lists-8fc29.appspot.com","serviceAccount":"shared-lists-8fc29@appspot.gserviceaccount.com","gcrDomain":"eu.gcr.io","databaseType":"CLOUD_FIRESTORE","featureSettings":{"splitHealthChecks":true,"useContainerOptimizedOs":true}}
[debug] [2022-07-28T18:54:55.278Z] database_type: CLOUD_FIRESTORE
[debug] [2022-07-28T18:54:55.279Z] > command requires scopes: ["email","openid","https://www.googleapis.com/auth/cloudplatformprojects.readonly","https://www.googleapis.com/auth/firebase","https://www.googleapis.com/auth/cloud-platform"]
[debug] [2022-07-28T18:54:55.279Z] > authorizing via signed-in user (flair2k@gmail.com)
[debug] [2022-07-28T18:54:55.279Z] [iam] checking project shared-lists-8fc29 for permissions ["firebase.projects.get"]
[debug] [2022-07-28T18:54:55.280Z] >>> [apiv2][query] POST https://cloudresourcemanager.googleapis.com/v1/projects/shared-lists-8fc29:testIamPermissions [none]
[debug] [2022-07-28T18:54:55.280Z] >>> [apiv2][body] POST https://cloudresourcemanager.googleapis.com/v1/projects/shared-lists-8fc29:testIamPermissions {"permissions":["firebase.projects.get"]}
[debug] [2022-07-28T18:54:56.127Z] <<< [apiv2][status] POST https://cloudresourcemanager.googleapis.com/v1/projects/shared-lists-8fc29:testIamPermissions 200
[debug] [2022-07-28T18:54:56.128Z] <<< [apiv2][body] POST https://cloudresourcemanager.googleapis.com/v1/projects/shared-lists-8fc29:testIamPermissions {"permissions":["firebase.projects.get"]}
[info] 
[info] Firestore Security Rules allow you to define how and when to allow
[info] requests. You can keep these rules in your project directory
[info] and publish them with firebase deploy.
[info] 
[debug] [2022-07-28T18:55:09.763Z] >>> [apiv2][query] GET https://firebaserules.googleapis.com/v1/projects/shared-lists-8fc29/releases pageSize=10&pageToken=
[debug] [2022-07-28T18:55:10.615Z] <<< [apiv2][status] GET https://firebaserules.googleapis.com/v1/projects/shared-lists-8fc29/releases 200
[debug] [2022-07-28T18:55:10.615Z] <<< [apiv2][body] GET https://firebaserules.googleapis.com/v1/projects/shared-lists-8fc29/releases {"releases":[{"name":"projects/shared-lists-8fc29/releases/cloud.firestore","rulesetName":"projects/shared-lists-8fc29/rulesets/0d657761-5ae3-48c1-ade6-e6f9efe1b82e","createTime":"2022-07-28T18:47:02.465347Z","updateTime":"2022-07-28T18:47:02.465347Z"}]}
[debug] [2022-07-28T18:55:10.616Z] Found ruleset: projects/shared-lists-8fc29/rulesets/0d657761-5ae3-48c1-ade6-e6f9efe1b82e
[debug] [2022-07-28T18:55:10.616Z] >>> [apiv2][query] GET https://firebaserules.googleapis.com/v1/projects/shared-lists-8fc29/rulesets/0d657761-5ae3-48c1-ade6-e6f9efe1b82e [none]
[debug] [2022-07-28T18:55:11.421Z] <<< [apiv2][status] GET https://firebaserules.googleapis.com/v1/projects/shared-lists-8fc29/rulesets/0d657761-5ae3-48c1-ade6-e6f9efe1b82e 200
[debug] [2022-07-28T18:55:11.421Z] <<< [apiv2][body] GET https://firebaserules.googleapis.com/v1/projects/shared-lists-8fc29/rulesets/0d657761-5ae3-48c1-ade6-e6f9efe1b82e [omitted]
[info] 
[info] Firestore indexes allow you to perform complex queries while
[info] maintaining performance that scales with the size of the result
[info] set. You can keep index definitions in your project directory
[info] and publish them with firebase deploy.
[info] 
[debug] [2022-07-28T18:55:15.144Z] >>> [apiv2][query] GET https://firestore.googleapis.com/v1/projects/shared-lists-8fc29/databases/(default)/collectionGroups/-/indexes [none]
[debug] [2022-07-28T18:55:15.145Z] >>> [apiv2][query] GET https://firestore.googleapis.com/v1/projects/shared-lists-8fc29/databases/(default)/collectionGroups/-/fields?filter=indexConfig.usesAncestorConfig=false [none]
[debug] [2022-07-28T18:55:15.487Z] <<< [apiv2][status] GET https://firestore.googleapis.com/v1/projects/shared-lists-8fc29/databases/(default)/collectionGroups/-/fields?filter=indexConfig.usesAncestorConfig=false 200
[debug] [2022-07-28T18:55:15.487Z] <<< [apiv2][body] GET https://firestore.googleapis.com/v1/projects/shared-lists-8fc29/databases/(default)/collectionGroups/-/fields?filter=indexConfig.usesAncestorConfig=false {"fields":[{"name":"projects/shared-lists-8fc29/databases/(default)/collectionGroups/__default__/fields/*","indexConfig":{"indexes":[{"queryScope":"COLLECTION","fields":[{"fieldPath":"*","order":"ASCENDING"}],"state":"READY"},{"queryScope":"COLLECTION","fields":[{"fieldPath":"*","order":"DESCENDING"}],"state":"READY"},{"queryScope":"COLLECTION","fields":[{"fieldPath":"*","arrayConfig":"CONTAINS"}],"state":"READY"}]}}]}
[debug] [2022-07-28T18:55:15.489Z] <<< [apiv2][status] GET https://firestore.googleapis.com/v1/projects/shared-lists-8fc29/databases/(default)/collectionGroups/-/indexes 200
[debug] [2022-07-28T18:55:15.490Z] <<< [apiv2][body] GET https://firestore.googleapis.com/v1/projects/shared-lists-8fc29/databases/(default)/collectionGroups/-/indexes {}
[info] 
=== Functions Setup
[info] 
[info] A functions directory will be created in your project with sample code
[info] pre-configured. Functions can be deployed with firebase deploy.
[info] 
[debug] [2022-07-28T18:55:15.492Z] > command requires scopes: ["email","openid","https://www.googleapis.com/auth/cloudplatformprojects.readonly","https://www.googleapis.com/auth/firebase","https://www.googleapis.com/auth/cloud-platform"]
[debug] [2022-07-28T18:55:15.492Z] > authorizing via signed-in user (flair2k@gmail.com)
[debug] [2022-07-28T18:55:15.493Z] [iam] checking project shared-lists-8fc29 for permissions ["firebase.projects.get"]
[debug] [2022-07-28T18:55:15.493Z] >>> [apiv2][query] POST https://cloudresourcemanager.googleapis.com/v1/projects/shared-lists-8fc29:testIamPermissions [none]
[debug] [2022-07-28T18:55:15.493Z] >>> [apiv2][body] POST https://cloudresourcemanager.googleapis.com/v1/projects/shared-lists-8fc29:testIamPermissions {"permissions":["firebase.projects.get"]}
[debug] [2022-07-28T18:55:16.410Z] <<< [apiv2][status] POST https://cloudresourcemanager.googleapis.com/v1/projects/shared-lists-8fc29:testIamPermissions 200
[debug] [2022-07-28T18:55:16.410Z] <<< [apiv2][body] POST https://cloudresourcemanager.googleapis.com/v1/projects/shared-lists-8fc29:testIamPermissions {"permissions":["firebase.projects.get"]}
[debug] [2022-07-28T18:55:16.411Z] >>> [apiv2][query] GET https://serviceusage.googleapis.com/v1/projects/shared-lists-8fc29/services/cloudfunctions.googleapis.com [none]
[debug] [2022-07-28T18:55:16.412Z] >>> [apiv2][query] GET https://serviceusage.googleapis.com/v1/projects/shared-lists-8fc29/services/runtimeconfig.googleapis.com [none]
[debug] [2022-07-28T18:55:17.435Z] <<< [apiv2][status] GET https://serviceusage.googleapis.com/v1/projects/shared-lists-8fc29/services/runtimeconfig.googleapis.com 200
[debug] [2022-07-28T18:55:17.435Z] <<< [apiv2][body] GET https://serviceusage.googleapis.com/v1/projects/shared-lists-8fc29/services/runtimeconfig.googleapis.com [omitted]
[debug] [2022-07-28T18:55:17.436Z] <<< [apiv2][status] GET https://serviceusage.googleapis.com/v1/projects/shared-lists-8fc29/services/cloudfunctions.googleapis.com 200
[debug] [2022-07-28T18:55:17.436Z] <<< [apiv2][body] GET https://serviceusage.googleapis.com/v1/projects/shared-lists-8fc29/services/cloudfunctions.googleapis.com [omitted]
[debug] [2022-07-28T18:55:17.436Z] >>> [apiv2][query] POST https://serviceusage.googleapis.com/v1/projects/shared-lists-8fc29/services/cloudfunctions.googleapis.com:enable [none]
[debug] [2022-07-28T18:55:19.071Z] <<< [apiv2][status] POST https://serviceusage.googleapis.com/v1/projects/shared-lists-8fc29/services/cloudfunctions.googleapis.com:enable 200
[debug] [2022-07-28T18:55:19.071Z] <<< [apiv2][body] POST https://serviceusage.googleapis.com/v1/projects/shared-lists-8fc29/services/cloudfunctions.googleapis.com:enable [omitted]
[debug] [2022-07-28T18:55:29.073Z] >>> [apiv2][query] GET https://serviceusage.googleapis.com/v1/projects/shared-lists-8fc29/services/cloudfunctions.googleapis.com [none]
[debug] [2022-07-28T18:55:30.017Z] <<< [apiv2][status] GET https://serviceusage.googleapis.com/v1/projects/shared-lists-8fc29/services/cloudfunctions.googleapis.com 200
[debug] [2022-07-28T18:55:30.018Z] <<< [apiv2][body] GET https://serviceusage.googleapis.com/v1/projects/shared-lists-8fc29/services/cloudfunctions.googleapis.com [omitted]
[info] ✔  Wrote functions/package.json 
[info] ✔  Wrote functions/.eslintrc.js 
[info] ✔  Wrote functions/tsconfig.json 
[info] ✔  Wrote functions/tsconfig.dev.json 
[info] ✔  Wrote functions/src/index.ts 
[info] ✔  Wrote functions/.gitignore 
[info] 
=== Hosting Setup
[info] 
[info] Your public directory is the folder (relative to your project directory) that
[info] will contain Hosting assets to be uploaded with firebase deploy. If you
[info] have a build process for your assets, use your build's output directory.
[info] 
[info] ✔  Wrote public/404.html 
[debug] [2022-07-28T18:57:05.075Z] >>> [apiv2][query] GET https://www.gstatic.com/firebasejs/releases.json [none]
[debug] [2022-07-28T18:57:05.281Z] <<< [apiv2][status] GET https://www.gstatic.com/firebasejs/releases.json 200
[debug] [2022-07-28T18:57:05.281Z] <<< [apiv2][body] GET https://www.gstatic.com/firebasejs/releases.json {"current":{"version":"9.9.1","browserURL":"https://www.gstatic.com/firebasejs/9.9.1/firebase.js","packageURL":"https://www.gstatic.com/firebasejs/9.9.1/firebase.tgz"},"live":{"version":"9.9","browserURL":"https://www.gstatic.com/firebasejs/live/9.9/firebase.js","packageURL":"https://www.gstatic.com/firebasejs/live/9.9/firebase.tgz"},"components":{"analytics":"https://www.gstatic.com/firebasejs/9.9.1/firebase-analytics.js","app":"https://www.gstatic.com/firebasejs/9.9.1/firebase-app.js","app-check":"https://www.gstatic.com/firebasejs/9.9.1/firebase-app-check.js","auth":"https://www.gstatic.com/firebasejs/9.9.1/firebase-auth.js","auth/cordova":"https://www.gstatic.com/firebasejs/9.9.1/firebase-auth/cordova.js","auth/react-native":"https://www.gstatic.com/firebasejs/9.9.1/firebase-auth/react-native.js","functions":"https://www.gstatic.com/firebasejs/9.9.1/firebase-functions.js","firestore":"https://www.gstatic.com/firebasejs/9.9.1/firebase-firestore.js","firestore/lite":"https://www.gstatic.com/firebasejs/9.9.1/firebase-firestore/lite.js","installations":"https://www.gstatic.com/firebasejs/9.9.1/firebase-installations.js","storage":"https://www.gstatic.com/firebasejs/9.9.1/firebase-storage.js","performance":"https://www.gstatic.com/firebasejs/9.9.1/firebase-performance.js","remote-config":"https://www.gstatic.com/firebasejs/9.9.1/firebase-remote-config.js","messaging":"https://www.gstatic.com/firebasejs/9.9.1/firebase-messaging.js","messaging/sw":"https://www.gstatic.com/firebasejs/9.9.1/firebase-messaging/sw.js","database":"https://www.gstatic.com/firebasejs/9.9.1/firebase-database.js","firestore.memory":"https://www.gstatic.com/firebasejs/9.9.1/firebase-firestore.memory.js"}}
[info] ✔  Wrote public/index.html 
[info] 
[info] i  Didn't detect a .git folder. Assuming /Users/A938294yara.com/Documents/coding/shared-lists is the project root. 
[info] i  Authorizing with GitHub to upload your service account to a GitHub repository's secrets store. 
[info] 
[info] Visit this URL on this device to log in:
[info] https://github.com/login/oauth/authorize?client_id=89cf50f02ac6aaed3484&state=18252088&redirect_uri=http%3A%2F%2Flocalhost%3A9005&scope=read%3Auser%20repo%20public_repo
[info] 
[info] Waiting for authentication...
[debug] [2022-07-28T18:57:06.492Z] >>> [apiv2][query] POST https://github.com/login/oauth/access_token [none]
[debug] [2022-07-28T18:57:06.493Z] >>> [apiv2][body] POST https://github.com/login/oauth/access_token [stream]
[debug] [2022-07-28T18:57:06.825Z] <<< [apiv2][status] POST https://github.com/login/oauth/access_token 200
[debug] [2022-07-28T18:57:06.825Z] <<< [apiv2][body] POST https://github.com/login/oauth/access_token {"access_token":"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","token_type":"bearer","scope":"read:user,repo"}
[debug] [2022-07-28T18:57:06.828Z] >>> [apiv2][query] GET https://api.github.com/user [none]
[debug] [2022-07-28T18:57:07.203Z] <<< [apiv2][status] GET https://api.github.com/user 200
[debug] [2022-07-28T18:57:07.203Z] <<< [apiv2][body] GET https://api.github.com/user {"login":"MiroStW","id":1888954,"node_id":"MDQ6VXNlcjE4ODg5NTQ=","avatar_url":"https://avatars.githubusercontent.com/u/1888954?v=4","gravatar_id":"","url":"https://api.github.com/users/MiroStW","html_url":"https://github.com/MiroStW","followers_url":"https://api.github.com/users/MiroStW/followers","following_url":"https://api.github.com/users/MiroStW/following{/other_user}","gists_url":"https://api.github.com/users/MiroStW/gists{/gist_id}","starred_url":"https://api.github.com/users/MiroStW/starred{/owner}{/repo}","subscriptions_url":"https://api.github.com/users/MiroStW/subscriptions","organizations_url":"https://api.github.com/users/MiroStW/orgs","repos_url":"https://api.github.com/users/MiroStW/repos","events_url":"https://api.github.com/users/MiroStW/events{/privacy}","received_events_url":"https://api.github.com/users/MiroStW/received_events","type":"User","site_admin":false,"name":null,"company":null,"blog":"","location":null,"email":null,"hireable":null,"bio":null,"twitter_username":null,"public_repos":8,"public_gists":0,"followers":1,"following":2,"created_at":"2012-06-25T09:22:29Z","updated_at":"2022-07-09T17:48:08Z","private_gists":0,"total_private_repos":4,"owned_private_repos":4,"disk_usage":15772,"collaborators":0,"two_factor_authentication":true,"plan":{"name":"free","space":976562499,"collaborators":0,"private_repos":10000}}
[info] 
[info] ✔  Success! Logged into GitHub as MiroStW 
[info] 
